<?xml version="1.0" encoding="UTF-8"?>
<!-- Generated by org.testng.reporters.JUnitXMLReporter -->
<testsuite ignored="0" hostname="Harish" failures="1" tests="1" name="Test" time="1507.717" errors="0" timestamp="2021-09-26T09:38:05 IST">
  <testcase classname="cucumber.api.testng.AbstractTestNGCucumberTests" name="feature" time="1505.953">
    <failure type="cucumber.runtime.CucumberException" message="org.openqa.selenium.SessionNotCreatedException: session not created
from timeout: Timed out receiving message from renderer: 600.000
  (Session info: chrome=93.0.4577.82)
Build info: version: &amp;apos;3.141.59&amp;apos;, revision: &amp;apos;e82be7d358&amp;apos;, time: &amp;apos;2018-11-14T08:17:03&amp;apos;
System info: host: &amp;apos;HARISH&amp;apos;, ip: &amp;apos;192.168.1.100&amp;apos;, os.name: &amp;apos;Windows 10&amp;apos;, os.arch: &amp;apos;amd64&amp;apos;, os.version: &amp;apos;10.0&amp;apos;, java.version: &amp;apos;11.0.12&amp;apos;
Driver info: driver.version: ChromeDriver
remote stacktrace: Backtrace:
	Ordinal0 [0x00A12A33+2501171]
	Ordinal0 [0x009AD1C1+2085313]
	Ordinal0 [0x008B1FA8+1056680]
	Ordinal0 [0x008A493D+1001789]
	Ordinal0 [0x008A398D+997773]
	Ordinal0 [0x008A3C46+998470]
	Ordinal0 [0x008A3535+996661]
	Ordinal0 [0x008AA0BD+1024189]
	Ordinal0 [0x008A34F1+996593]
	Ordinal0 [0x008A4416+1000470]
	Ordinal0 [0x008A398D+997773]
	Ordinal0 [0x008A3C46+998470]
	Ordinal0 [0x008A3535+996661]
	Ordinal0 [0x008A92EC+1020652]
	Ordinal0 [0x008A34F1+996593]
	Ordinal0 [0x008A4416+1000470]
	Ordinal0 [0x008A398D+997773]
	Ordinal0 [0x008A3C46+998470]
	Ordinal0 [0x008A3535+996661]
	Ordinal0 [0x0089F10D+979213]
	Ordinal0 [0x008A34F1+996593]
	Ordinal0 [0x008A3290+995984]
	Ordinal0 [0x008A3029+995369]
	Ordinal0 [0x008B31C0+1061312]
	Ordinal0 [0x008FA93B+1354043]
	Ordinal0 [0x008F960A+1349130]
	Ordinal0 [0x008F551B+1332507]
	Ordinal0 [0x008D1D74+1187188]
	Ordinal0 [0x008D2BD9+1190873]
	GetHandleVerifier [0x00B8EFE6+1504438]
	GetHandleVerifier [0x00C3DDA5+2220661]
	GetHandleVerifier [0x00A95589+481881]
	GetHandleVerifier [0x00A94639+477961]
	Ordinal0 [0x009B28BD+2107581]
	Ordinal0 [0x009B6728+2123560]
	Ordinal0 [0x009B6862+2123874]
	Ordinal0 [0x009BFA81+2161281]
	BaseThreadInitThunk [0x76AFFA29+25]
	RtlGetAppContainerNamedObjectPath [0x776D7A9E+286]
	RtlGetAppContainerNamedObjectPath [0x776D7A6E+238]
">
      <![CDATA[cucumber.runtime.CucumberException: org.openqa.selenium.SessionNotCreatedException: session not created
from timeout: Timed out receiving message from renderer: 600.000
  (Session info: chrome=93.0.4577.82)
Build info: version: '3.141.59', revision: 'e82be7d358', time: '2018-11-14T08:17:03'
System info: host: 'HARISH', ip: '192.168.1.100', os.name: 'Windows 10', os.arch: 'amd64', os.version: '10.0', java.version: '11.0.12'
Driver info: driver.version: ChromeDriver
remote stacktrace: Backtrace:
Ordinal0 [0x00A12A33+2501171]
Ordinal0 [0x009AD1C1+2085313]
Ordinal0 [0x008B1FA8+1056680]
Ordinal0 [0x008A493D+1001789]
Ordinal0 [0x008A398D+997773]
Ordinal0 [0x008A3C46+998470]
Ordinal0 [0x008A3535+996661]
Ordinal0 [0x008AA0BD+1024189]
Ordinal0 [0x008A34F1+996593]
Ordinal0 [0x008A4416+1000470]
Ordinal0 [0x008A398D+997773]
Ordinal0 [0x008A3C46+998470]
Ordinal0 [0x008A3535+996661]
Ordinal0 [0x008A92EC+1020652]
Ordinal0 [0x008A34F1+996593]
Ordinal0 [0x008A4416+1000470]
Ordinal0 [0x008A398D+997773]
Ordinal0 [0x008A3C46+998470]
Ordinal0 [0x008A3535+996661]
Ordinal0 [0x0089F10D+979213]
Ordinal0 [0x008A34F1+996593]
Ordinal0 [0x008A3290+995984]
Ordinal0 [0x008A3029+995369]
Ordinal0 [0x008B31C0+1061312]
Ordinal0 [0x008FA93B+1354043]
Ordinal0 [0x008F960A+1349130]
Ordinal0 [0x008F551B+1332507]
Ordinal0 [0x008D1D74+1187188]
Ordinal0 [0x008D2BD9+1190873]
GetHandleVerifier [0x00B8EFE6+1504438]
GetHandleVerifier [0x00C3DDA5+2220661]
GetHandleVerifier [0x00A95589+481881]
GetHandleVerifier [0x00A94639+477961]
Ordinal0 [0x009B28BD+2107581]
Ordinal0 [0x009B6728+2123560]
Ordinal0 [0x009B6862+2123874]
Ordinal0 [0x009BFA81+2161281]
BaseThreadInitThunk [0x76AFFA29+25]
RtlGetAppContainerNamedObjectPath [0x776D7A9E+286]
RtlGetAppContainerNamedObjectPath [0x776D7A6E+238]

at cucumber.api.testng.TestNGCucumberRunner.runCucumber(TestNGCucumberRunner.java:69)
at cucumber.api.testng.AbstractTestNGCucumberTests.feature(AbstractTestNGCucumberTests.java:21)
at java.base/java.util.ArrayList.forEach(ArrayList.java:1541)
Caused by: org.openqa.selenium.SessionNotCreatedException: session not created
from timeout: Timed out receiving message from renderer: 600.000
  (Session info: chrome=93.0.4577.82)
Build info: version: '3.141.59', revision: 'e82be7d358', time: '2018-11-14T08:17:03'
System info: host: 'HARISH', ip: '192.168.1.100', os.name: 'Windows 10', os.arch: 'amd64', os.version: '10.0', java.version: '11.0.12'
Driver info: driver.version: ChromeDriver
remote stacktrace: Backtrace:
Ordinal0 [0x00A12A33+2501171]
Ordinal0 [0x009AD1C1+2085313]
Ordinal0 [0x008B1FA8+1056680]
Ordinal0 [0x008A493D+1001789]
Ordinal0 [0x008A398D+997773]
Ordinal0 [0x008A3C46+998470]
Ordinal0 [0x008A3535+996661]
Ordinal0 [0x008AA0BD+1024189]
Ordinal0 [0x008A34F1+996593]
Ordinal0 [0x008A4416+1000470]
Ordinal0 [0x008A398D+997773]
Ordinal0 [0x008A3C46+998470]
Ordinal0 [0x008A3535+996661]
Ordinal0 [0x008A92EC+1020652]
Ordinal0 [0x008A34F1+996593]
Ordinal0 [0x008A4416+1000470]
Ordinal0 [0x008A398D+997773]
Ordinal0 [0x008A3C46+998470]
Ordinal0 [0x008A3535+996661]
Ordinal0 [0x0089F10D+979213]
Ordinal0 [0x008A34F1+996593]
Ordinal0 [0x008A3290+995984]
Ordinal0 [0x008A3029+995369]
Ordinal0 [0x008B31C0+1061312]
Ordinal0 [0x008FA93B+1354043]
Ordinal0 [0x008F960A+1349130]
Ordinal0 [0x008F551B+1332507]
Ordinal0 [0x008D1D74+1187188]
Ordinal0 [0x008D2BD9+1190873]
GetHandleVerifier [0x00B8EFE6+1504438]
GetHandleVerifier [0x00C3DDA5+2220661]
GetHandleVerifier [0x00A95589+481881]
GetHandleVerifier [0x00A94639+477961]
Ordinal0 [0x009B28BD+2107581]
Ordinal0 [0x009B6728+2123560]
Ordinal0 [0x009B6862+2123874]
Ordinal0 [0x009BFA81+2161281]
BaseThreadInitThunk [0x76AFFA29+25]
RtlGetAppContainerNamedObjectPath [0x776D7A9E+286]
RtlGetAppContainerNamedObjectPath [0x776D7A6E+238]

at org.openqa.selenium.remote.W3CHandshakeResponse.lambda$errorHandler$0(W3CHandshakeResponse.java:62)
at org.openqa.selenium.remote.HandshakeResponse.lambda$getResponseFunction$0(HandshakeResponse.java:30)
at org.openqa.selenium.remote.ProtocolHandshake.lambda$createSession$0(ProtocolHandshake.java:126)
at java.base/java.util.stream.ReferencePipeline$3$1.accept(ReferencePipeline.java:195)
at java.base/java.util.Spliterators$ArraySpliterator.tryAdvance(Spliterators.java:958)
at java.base/java.util.stream.ReferencePipeline.forEachWithCancel(ReferencePipeline.java:127)
at java.base/java.util.stream.AbstractPipeline.copyIntoWithCancel(AbstractPipeline.java:502)
at java.base/java.util.stream.AbstractPipeline.copyInto(AbstractPipeline.java:488)
at java.base/java.util.stream.AbstractPipeline.wrapAndCopyInto(AbstractPipeline.java:474)
at java.base/java.util.stream.FindOps$FindOp.evaluateSequential(FindOps.java:150)
at java.base/java.util.stream.AbstractPipeline.evaluate(AbstractPipeline.java:234)
at java.base/java.util.stream.ReferencePipeline.findFirst(ReferencePipeline.java:543)
at org.openqa.selenium.remote.ProtocolHandshake.createSession(ProtocolHandshake.java:128)
at org.openqa.selenium.remote.ProtocolHandshake.createSession(ProtocolHandshake.java:74)
at org.openqa.selenium.remote.HttpCommandExecutor.execute(HttpCommandExecutor.java:136)
at org.openqa.selenium.remote.service.DriverCommandExecutor.execute(DriverCommandExecutor.java:83)
at org.openqa.selenium.remote.RemoteWebDriver.execute(RemoteWebDriver.java:552)
at org.openqa.selenium.remote.RemoteWebDriver.startSession(RemoteWebDriver.java:213)
at org.openqa.selenium.remote.RemoteWebDriver.<init>(RemoteWebDriver.java:131)
at org.openqa.selenium.chrome.ChromeDriver.<init>(ChromeDriver.java:181)
at org.openqa.selenium.chrome.ChromeDriver.<init>(ChromeDriver.java:168)
at org.openqa.selenium.chrome.ChromeDriver.<init>(ChromeDriver.java:123)
at com.UrbanLadderC.ResuableComponents.Base.initializedriver(Base.java:30)
at com.UrbanLadderC.StepDefination.ClickStepDefination.open_Browser(ClickStepDefination.java:36)
at âœ½.Given Open Browser(UrbanLadderC.feature:37)
... Removed 35 stack frames]]>
    </failure>
  </testcase> <!-- feature -->
</testsuite> <!-- Test -->
